<?xml version="1.0" encoding="UTF-8"?>
<!-- Generated by org.testng.reporters.JUnitReportReporter -->
<testsuite hostname="DESKTOP-B65G34H" failures="0" tests="1" name="test.Wapptest" time="4.456" errors="0" timestamp="2023-07-31T11:21:28 IST" skipped="0">
  <testcase classname="test.Wapptest" name="runPage" time="4.456"/>
  <system-out/>
</testsuite> <!-- test.Wapptest -->
